app/build/intermediates/manifest_merge_blame_file/debug/manifest-merger-blame-debug-report.txt
1<?xml version="1.0" encoding="utf-8"?>
2<!--
3    ~ Copyright 2022 The TensorFlow Authors. All Rights Reserved.
4    ~
5    ~ Licensed under the Apache License, Version 2.0 (the "License");
6    ~ you may not use this file except in compliance with the License.
7    ~ You may obtain a copy of the License at
8    ~
9    ~       http://www.apache.org/licenses/LICENSE-2.0
10    ~
11    ~ Unless required by applicable law or agreed to in writing, software
12    ~ distributed under the License is distributed on an "AS IS" BASIS,
13    ~ WITHOUT WARRANTIES OR CONDITIONS OF ANY KIND, either express or implied.
14    ~ See the License for the specific language governing permissions and
15    ~ limitations under the License.
16-->
17<manifest xmlns:android="http://schemas.android.com/apk/res/android"
18    xmlns:dist="http://schemas.android.com/apk/distribution"
19    package="org.tensorflow.lite.examples.modelpersonalization"
20    android:versionCode="1"
21    android:versionName="1.0" >
22
23    <uses-sdk
24        android:minSdkVersion="23"
24-->src\main\AndroidManifest.xml
25        android:targetSdkVersion="32" />
25-->src\main\AndroidManifest.xml
26
27    <!-- Enable instant app support -->
28    <dist:module dist:instant="true" />
28-->src\main\AndroidManifest.xml:23:5-40
28-->src\main\AndroidManifest.xml:23:18-37
29
30    <!-- Declare features -->
31    <uses-feature android:name="android.hardware.camera" />
31-->src\main\AndroidManifest.xml:26:5-60
31-->src\main\AndroidManifest.xml:26:19-57
32
33    <!-- Declare permissions -->
34    <uses-permission android:name="android.permission.CAMERA" />
34-->src\main\AndroidManifest.xml:29:5-65
34-->src\main\AndroidManifest.xml:29:22-62
35
36    <application
36-->src\main\AndroidManifest.xml:31:5-62:19
37        android:allowBackup="true"
37-->src\main\AndroidManifest.xml:32:9-35
38        android:appComponentFactory="androidx.core.app.CoreComponentFactory"
38-->[androidx.core:core:1.8.0] AndroidManifest.xml:24:18-86
39        android:debuggable="true"
40        android:extractNativeLibs="false"
41        android:icon="@mipmap/ic_launcher"
41-->src\main\AndroidManifest.xml:33:9-43
42        android:label="@string/app_name"
42-->src\main\AndroidManifest.xml:34:9-41
43        android:roundIcon="@mipmap/ic_launcher_round"
43-->src\main\AndroidManifest.xml:35:9-54
44        android:supportsRtl="true"
44-->src\main\AndroidManifest.xml:36:9-35
45        android:taskAffinity=""
45-->src\main\AndroidManifest.xml:37:9-32
46        android:testOnly="true" >
47        <activity
47-->src\main\AndroidManifest.xml:40:9-61:20
48            android:name="org.tensorflow.lite.examples.modelpersonalization.MainActivity"
48-->src\main\AndroidManifest.xml:41:13-41
49            android:clearTaskOnLaunch="true"
49-->src\main\AndroidManifest.xml:42:13-45
50            android:configChanges="orientation|screenLayout|screenSize|smallestScreenSize"
50-->src\main\AndroidManifest.xml:43:13-91
51            android:exported="true"
51-->src\main\AndroidManifest.xml:44:13-36
52            android:resizeableActivity="true"
52-->src\main\AndroidManifest.xml:45:13-46
53            android:rotationAnimation="seamless"
53-->src\main\AndroidManifest.xml:46:13-49
54            android:theme="@style/AppTheme" >
54-->src\main\AndroidManifest.xml:47:13-44
55
56            <!-- Main app intent filter -->
57            <intent-filter>
57-->src\main\AndroidManifest.xml:51:13-55:29
58                <action android:name="android.intent.action.MAIN" />
58-->src\main\AndroidManifest.xml:52:17-69
58-->src\main\AndroidManifest.xml:52:25-66
59
60                <category android:name="android.intent.category.LAUNCHER" />
60-->src\main\AndroidManifest.xml:54:17-77
60-->src\main\AndroidManifest.xml:54:27-74
61            </intent-filter>
62
63            <!-- Declare notch support -->
64            <meta-data
64-->src\main\AndroidManifest.xml:58:13-60:40
65                android:name="android.notch_support"
65-->src\main\AndroidManifest.xml:59:17-53
66                android:value="true" />
66-->src\main\AndroidManifest.xml:60:17-37
67        </activity>
68
69        <uses-library
69-->[androidx.window:window:1.1.0-alpha03] AndroidManifest.xml:23:9-25:40
70            android:name="androidx.window.extensions"
70-->[androidx.window:window:1.1.0-alpha03] AndroidManifest.xml:24:13-54
71            android:required="false" />
71-->[androidx.window:window:1.1.0-alpha03] AndroidManifest.xml:25:13-37
72        <uses-library
72-->[androidx.window:window:1.1.0-alpha03] AndroidManifest.xml:26:9-28:40
73            android:name="androidx.window.sidecar"
73-->[androidx.window:window:1.1.0-alpha03] AndroidManifest.xml:27:13-51
74            android:required="false" />
74-->[androidx.window:window:1.1.0-alpha03] AndroidManifest.xml:28:13-37
75
76        <service
76-->[androidx.camera:camera-camera2:1.2.0-alpha04] AndroidManifest.xml:24:9-33:19
77            android:name="androidx.camera.core.impl.MetadataHolderService"
77-->[androidx.camera:camera-camera2:1.2.0-alpha04] AndroidManifest.xml:25:13-75
78            android:enabled="false"
78-->[androidx.camera:camera-camera2:1.2.0-alpha04] AndroidManifest.xml:26:13-36
79            android:exported="false" >
79-->[androidx.camera:camera-camera2:1.2.0-alpha04] AndroidManifest.xml:27:13-37
80            <meta-data
80-->[androidx.camera:camera-camera2:1.2.0-alpha04] AndroidManifest.xml:30:13-32:89
81                android:name="androidx.camera.core.impl.MetadataHolderService.DEFAULT_CONFIG_PROVIDER"
81-->[androidx.camera:camera-camera2:1.2.0-alpha04] AndroidManifest.xml:31:17-103
82                android:value="androidx.camera.camera2.Camera2Config$DefaultProvider" />
82-->[androidx.camera:camera-camera2:1.2.0-alpha04] AndroidManifest.xml:32:17-86
83        </service>
84
85        <provider
85-->[androidx.emoji2:emoji2:1.2.0] AndroidManifest.xml:24:9-32:20
86            android:name="androidx.startup.InitializationProvider"
86-->[androidx.emoji2:emoji2:1.2.0] AndroidManifest.xml:25:13-67
87            android:authorities="org.tensorflow.lite.examples.modelpersonalization.androidx-startup"
87-->[androidx.emoji2:emoji2:1.2.0] AndroidManifest.xml:26:13-68
88            android:exported="false" >
88-->[androidx.emoji2:emoji2:1.2.0] AndroidManifest.xml:27:13-37
89            <meta-data
89-->[androidx.emoji2:emoji2:1.2.0] AndroidManifest.xml:29:13-31:52
90                android:name="androidx.emoji2.text.EmojiCompatInitializer"
90-->[androidx.emoji2:emoji2:1.2.0] AndroidManifest.xml:30:17-75
91                android:value="androidx.startup" />
91-->[androidx.emoji2:emoji2:1.2.0] AndroidManifest.xml:31:17-49
92            <meta-data
92-->[androidx.lifecycle:lifecycle-process:2.4.1] AndroidManifest.xml:31:13-33:52
93                android:name="androidx.lifecycle.ProcessLifecycleInitializer"
93-->[androidx.lifecycle:lifecycle-process:2.4.1] AndroidManifest.xml:32:17-78
94                android:value="androidx.startup" />
94-->[androidx.lifecycle:lifecycle-process:2.4.1] AndroidManifest.xml:33:17-49
95        </provider>
96    </application>
97
98</manifest>